{
  "stats": {
    "suites": 2,
    "tests": 2,
    "passes": 1,
    "pending": 0,
    "failures": 1,
    "start": "2017-01-23T14:04:13.829Z",
    "end": "2017-01-23T14:04:13.960Z",
    "duration": 131,
    "testsRegistered": 12,
    "passPercent": 8.3,
    "pendingPercent": 0,
    "other": 1,
    "hasOther": true,
    "skipped": 10,
    "hasSkipped": true,
    "passPercentClass": "danger",
    "pendingPercentClass": "danger"
  },
  "suites": {
    "title": "",
    "suites": [
      {
        "title": "Test cases for non-authnticated routers",
        "suites": [],
        "tests": [
          {
            "title": "index page check",
            "fullTitle": "Test cases for non-authnticated routers index page check",
            "timedOut": false,
            "duration": 51,
            "state": "passed",
            "speed": "medium",
            "pass": true,
            "fail": false,
            "pending": false,
            "code": "server.get('/')\n.expect(200, done);",
            "err": {},
            "isRoot": false,
            "uuid": "6fd816a8-7753-4092-920b-ee96479ed979",
            "parentUUID": "99ca0696-a636-467b-adc1-a6456c36e4bb",
            "skipped": false
          },
          {
            "title": "validates login route",
            "fullTitle": "Test cases for non-authnticated routers validates login route",
            "timedOut": false,
            "duration": 35,
            "state": "failed",
            "pass": false,
            "fail": true,
            "pending": false,
            "code": "this.timeout(10000);\nserver.post('/login')\n\t.send({ username: username, password: password })\n\t.expect(200)\n\t.end(function(err, res){\n\t\tif (err) return done(err);\n//\t\t\t\t\tconsole.log('logged out from login check');\n\t\t\treturn done();\n});",
            "err": {
              "estack": "Error: expected 200 \"OK\", got 401 \"Unauthorized\"\n    at Test._assertStatus (node_modules/supertest/lib/test.js:232:12)\n    at Test._assertFunction (node_modules/supertest/lib/test.js:247:11)\n    at Test.assert (node_modules/supertest/lib/test.js:148:18)\n    at Server.assert (node_modules/supertest/lib/test.js:127:12)\n    at emitCloseNT (net.js:1544:8)\n    at _combinedTickCallback (internal/process/next_tick.js:71:11)\n    at process._tickCallback (internal/process/next_tick.js:98:9)"
            },
            "isRoot": false,
            "uuid": "d4ab997d-f6fe-48bb-856f-d13e2af85208",
            "parentUUID": "99ca0696-a636-467b-adc1-a6456c36e4bb",
            "skipped": false
          }
        ],
        "pending": [],
        "root": false,
        "_timeout": 2000,
        "file": "/test/testcases.js",
        "uuid": "99ca0696-a636-467b-adc1-a6456c36e4bb",
        "fullFile": "/test/VisualBI-2/test/testcases.js",
        "passes": [
          {
            "title": "index page check",
            "fullTitle": "Test cases for non-authnticated routers index page check",
            "timedOut": false,
            "duration": 51,
            "state": "passed",
            "speed": "medium",
            "pass": true,
            "fail": false,
            "pending": false,
            "code": "server.get('/')\n.expect(200, done);",
            "err": {},
            "isRoot": false,
            "uuid": "6fd816a8-7753-4092-920b-ee96479ed979",
            "parentUUID": "99ca0696-a636-467b-adc1-a6456c36e4bb",
            "skipped": false
          }
        ],
        "failures": [
          {
            "title": "validates login route",
            "fullTitle": "Test cases for non-authnticated routers validates login route",
            "timedOut": false,
            "duration": 35,
            "state": "failed",
            "pass": false,
            "fail": true,
            "pending": false,
            "code": "this.timeout(10000);\nserver.post('/login')\n\t.send({ username: username, password: password })\n\t.expect(200)\n\t.end(function(err, res){\n\t\tif (err) return done(err);\n//\t\t\t\t\tconsole.log('logged out from login check');\n\t\t\treturn done();\n});",
            "err": {
              "estack": "Error: expected 200 \"OK\", got 401 \"Unauthorized\"\n    at Test._assertStatus (node_modules/supertest/lib/test.js:232:12)\n    at Test._assertFunction (node_modules/supertest/lib/test.js:247:11)\n    at Test.assert (node_modules/supertest/lib/test.js:148:18)\n    at Server.assert (node_modules/supertest/lib/test.js:127:12)\n    at emitCloseNT (net.js:1544:8)\n    at _combinedTickCallback (internal/process/next_tick.js:71:11)\n    at process._tickCallback (internal/process/next_tick.js:98:9)"
            },
            "isRoot": false,
            "uuid": "d4ab997d-f6fe-48bb-856f-d13e2af85208",
            "parentUUID": "99ca0696-a636-467b-adc1-a6456c36e4bb",
            "skipped": false
          }
        ],
        "skipped": [],
        "hasTests": true,
        "hasSuites": false,
        "totalTests": 2,
        "totalPasses": 1,
        "totalFailures": 1,
        "totalPending": 0,
        "totalSkipped": 0,
        "hasPasses": true,
        "hasFailures": true,
        "hasPending": false,
        "hasSkipped": false,
        "duration": 86
      },
      {
        "title": "Test cases for all routes which requires authentication",
        "suites": [],
        "tests": [
          {
            "title": "get comments check",
            "fullTitle": "Test cases for all routes which requires authentication get comments check",
            "timedOut": false,
            "duration": 0,
            "pass": false,
            "fail": false,
            "pending": false,
            "code": "server.get('/comment/' + widgetId)\n\t.expect(200).end(function(err, res) {\n\t\tif(err) return done(err);\n\t\t\tassert.equal(res.body._id, widgetId);\n\t\t\tdone();\n});",
            "err": {},
            "isRoot": false,
            "uuid": "74bc91fb-3a1e-44ec-966e-45f67f173513",
            "parentUUID": "2553c06d-3e56-42cc-acba-ab41e542db07",
            "skipped": true
          },
          {
            "title": "get commenters check",
            "fullTitle": "Test cases for all routes which requires authentication get commenters check",
            "timedOut": false,
            "duration": 0,
            "pass": false,
            "fail": false,
            "pending": false,
            "code": "server.get('/comment/commenters/' + widgetId)\n\t.expect(200, done);",
            "err": {},
            "isRoot": false,
            "uuid": "ae2c4940-687d-4803-be44-8abb4fe1de42",
            "parentUUID": "2553c06d-3e56-42cc-acba-ab41e542db07",
            "skipped": true
          },
          {
            "title": "testing userData route",
            "fullTitle": "Test cases for all routes which requires authentication testing userData route",
            "timedOut": false,
            "duration": 0,
            "pass": false,
            "fail": false,
            "pending": false,
            "code": "server.get('/dashboard/userData')\n\t.expect(200, done);",
            "err": {},
            "isRoot": false,
            "uuid": "398bee2f-0f5c-4941-9208-9d1827ab01b5",
            "parentUUID": "2553c06d-3e56-42cc-acba-ab41e542db07",
            "skipped": true
          },
          {
            "title": "testing getSharedDashboards route",
            "fullTitle": "Test cases for all routes which requires authentication testing getSharedDashboards route",
            "timedOut": false,
            "duration": 0,
            "pass": false,
            "fail": false,
            "pending": false,
            "code": "server.get('/dashboard/userData')\n\t.expect(200, done);",
            "err": {},
            "isRoot": false,
            "uuid": "bc2ef9c9-bd2e-4704-bc43-aaa9789fbd47",
            "parentUUID": "2553c06d-3e56-42cc-acba-ab41e542db07",
            "skipped": true
          },
          {
            "title": "testing getDashboard for user route",
            "fullTitle": "Test cases for all routes which requires authentication testing getDashboard for user route",
            "timedOut": false,
            "duration": 0,
            "pass": false,
            "fail": false,
            "pending": false,
            "code": "server.get('/dashboard/getDashboard/'+ userid)\n\t.expect(200, done);",
            "err": {},
            "isRoot": false,
            "uuid": "268ff711-fe78-4079-b9a3-564deb05758c",
            "parentUUID": "2553c06d-3e56-42cc-acba-ab41e542db07",
            "skipped": true
          },
          {
            "title": "test to get dashboard for loggedin user",
            "fullTitle": "Test cases for all routes which requires authentication test to get dashboard for loggedin user",
            "timedOut": false,
            "duration": 0,
            "pass": false,
            "fail": false,
            "pending": false,
            "code": "server.get('/user/dashboard')\n\t.expect(200, done);",
            "err": {},
            "isRoot": false,
            "uuid": "e5a62599-6f9e-4d6c-b163-fe3290d9d661",
            "parentUUID": "2553c06d-3e56-42cc-acba-ab41e542db07",
            "skipped": true
          },
          {
            "title": "test to get shared dashboard for loggedin user",
            "fullTitle": "Test cases for all routes which requires authentication test to get shared dashboard for loggedin user",
            "timedOut": false,
            "duration": 0,
            "pass": false,
            "fail": false,
            "pending": false,
            "code": "server.get('/user/dashboard/sharedWithMe')\n\t.expect(200, done);",
            "err": {},
            "isRoot": false,
            "uuid": "02584cf3-c4ae-4b9f-89a6-04e8dc5c4d01",
            "parentUUID": "2553c06d-3e56-42cc-acba-ab41e542db07",
            "skipped": true
          },
          {
            "title": "test to get all widgets",
            "fullTitle": "Test cases for all routes which requires authentication test to get all widgets",
            "timedOut": false,
            "duration": 0,
            "pass": false,
            "fail": false,
            "pending": false,
            "code": "server.get('/widgets')\n\t.expect(200, done);",
            "err": {},
            "isRoot": false,
            "uuid": "34eab9ed-7ee5-4ca8-befa-ba86b206b3f6",
            "parentUUID": "2553c06d-3e56-42cc-acba-ab41e542db07",
            "skipped": true
          },
          {
            "title": "test to get new widgetId",
            "fullTitle": "Test cases for all routes which requires authentication test to get new widgetId",
            "timedOut": false,
            "duration": 0,
            "pass": false,
            "fail": false,
            "pending": false,
            "code": "server.get('/widgets/getNewWidgetId')\n\t.expect(200, done);",
            "err": {},
            "isRoot": false,
            "uuid": "8ec0d745-8c8d-45bb-bb31-4029009a924e",
            "parentUUID": "2553c06d-3e56-42cc-acba-ab41e542db07",
            "skipped": true
          },
          {
            "title": "test to get all studio widgets",
            "fullTitle": "Test cases for all routes which requires authentication test to get all studio widgets",
            "timedOut": false,
            "duration": 0,
            "pass": false,
            "fail": false,
            "pending": false,
            "code": "server.get('/widgetsMdx')\n\t.expect(200, done);",
            "err": {},
            "isRoot": false,
            "uuid": "dd509ad0-ab11-4e02-8e59-40792a377242",
            "parentUUID": "2553c06d-3e56-42cc-acba-ab41e542db07",
            "skipped": true
          }
        ],
        "pending": [],
        "root": false,
        "_timeout": 10000,
        "file": "/test/testcases.js",
        "uuid": "2553c06d-3e56-42cc-acba-ab41e542db07",
        "fullFile": "/test/VisualBI-2/test/testcases.js",
        "passes": [],
        "failures": [],
        "skipped": [
          {
            "title": "get comments check",
            "fullTitle": "Test cases for all routes which requires authentication get comments check",
            "timedOut": false,
            "duration": 0,
            "pass": false,
            "fail": false,
            "pending": false,
            "code": "server.get('/comment/' + widgetId)\n\t.expect(200).end(function(err, res) {\n\t\tif(err) return done(err);\n\t\t\tassert.equal(res.body._id, widgetId);\n\t\t\tdone();\n});",
            "err": {},
            "isRoot": false,
            "uuid": "74bc91fb-3a1e-44ec-966e-45f67f173513",
            "parentUUID": "2553c06d-3e56-42cc-acba-ab41e542db07",
            "skipped": true
          },
          {
            "title": "get commenters check",
            "fullTitle": "Test cases for all routes which requires authentication get commenters check",
            "timedOut": false,
            "duration": 0,
            "pass": false,
            "fail": false,
            "pending": false,
            "code": "server.get('/comment/commenters/' + widgetId)\n\t.expect(200, done);",
            "err": {},
            "isRoot": false,
            "uuid": "ae2c4940-687d-4803-be44-8abb4fe1de42",
            "parentUUID": "2553c06d-3e56-42cc-acba-ab41e542db07",
            "skipped": true
          },
          {
            "title": "testing userData route",
            "fullTitle": "Test cases for all routes which requires authentication testing userData route",
            "timedOut": false,
            "duration": 0,
            "pass": false,
            "fail": false,
            "pending": false,
            "code": "server.get('/dashboard/userData')\n\t.expect(200, done);",
            "err": {},
            "isRoot": false,
            "uuid": "398bee2f-0f5c-4941-9208-9d1827ab01b5",
            "parentUUID": "2553c06d-3e56-42cc-acba-ab41e542db07",
            "skipped": true
          },
          {
            "title": "testing getSharedDashboards route",
            "fullTitle": "Test cases for all routes which requires authentication testing getSharedDashboards route",
            "timedOut": false,
            "duration": 0,
            "pass": false,
            "fail": false,
            "pending": false,
            "code": "server.get('/dashboard/userData')\n\t.expect(200, done);",
            "err": {},
            "isRoot": false,
            "uuid": "bc2ef9c9-bd2e-4704-bc43-aaa9789fbd47",
            "parentUUID": "2553c06d-3e56-42cc-acba-ab41e542db07",
            "skipped": true
          },
          {
            "title": "testing getDashboard for user route",
            "fullTitle": "Test cases for all routes which requires authentication testing getDashboard for user route",
            "timedOut": false,
            "duration": 0,
            "pass": false,
            "fail": false,
            "pending": false,
            "code": "server.get('/dashboard/getDashboard/'+ userid)\n\t.expect(200, done);",
            "err": {},
            "isRoot": false,
            "uuid": "268ff711-fe78-4079-b9a3-564deb05758c",
            "parentUUID": "2553c06d-3e56-42cc-acba-ab41e542db07",
            "skipped": true
          },
          {
            "title": "test to get dashboard for loggedin user",
            "fullTitle": "Test cases for all routes which requires authentication test to get dashboard for loggedin user",
            "timedOut": false,
            "duration": 0,
            "pass": false,
            "fail": false,
            "pending": false,
            "code": "server.get('/user/dashboard')\n\t.expect(200, done);",
            "err": {},
            "isRoot": false,
            "uuid": "e5a62599-6f9e-4d6c-b163-fe3290d9d661",
            "parentUUID": "2553c06d-3e56-42cc-acba-ab41e542db07",
            "skipped": true
          },
          {
            "title": "test to get shared dashboard for loggedin user",
            "fullTitle": "Test cases for all routes which requires authentication test to get shared dashboard for loggedin user",
            "timedOut": false,
            "duration": 0,
            "pass": false,
            "fail": false,
            "pending": false,
            "code": "server.get('/user/dashboard/sharedWithMe')\n\t.expect(200, done);",
            "err": {},
            "isRoot": false,
            "uuid": "02584cf3-c4ae-4b9f-89a6-04e8dc5c4d01",
            "parentUUID": "2553c06d-3e56-42cc-acba-ab41e542db07",
            "skipped": true
          },
          {
            "title": "test to get all widgets",
            "fullTitle": "Test cases for all routes which requires authentication test to get all widgets",
            "timedOut": false,
            "duration": 0,
            "pass": false,
            "fail": false,
            "pending": false,
            "code": "server.get('/widgets')\n\t.expect(200, done);",
            "err": {},
            "isRoot": false,
            "uuid": "34eab9ed-7ee5-4ca8-befa-ba86b206b3f6",
            "parentUUID": "2553c06d-3e56-42cc-acba-ab41e542db07",
            "skipped": true
          },
          {
            "title": "test to get new widgetId",
            "fullTitle": "Test cases for all routes which requires authentication test to get new widgetId",
            "timedOut": false,
            "duration": 0,
            "pass": false,
            "fail": false,
            "pending": false,
            "code": "server.get('/widgets/getNewWidgetId')\n\t.expect(200, done);",
            "err": {},
            "isRoot": false,
            "uuid": "8ec0d745-8c8d-45bb-bb31-4029009a924e",
            "parentUUID": "2553c06d-3e56-42cc-acba-ab41e542db07",
            "skipped": true
          },
          {
            "title": "test to get all studio widgets",
            "fullTitle": "Test cases for all routes which requires authentication test to get all studio widgets",
            "timedOut": false,
            "duration": 0,
            "pass": false,
            "fail": false,
            "pending": false,
            "code": "server.get('/widgetsMdx')\n\t.expect(200, done);",
            "err": {},
            "isRoot": false,
            "uuid": "dd509ad0-ab11-4e02-8e59-40792a377242",
            "parentUUID": "2553c06d-3e56-42cc-acba-ab41e542db07",
            "skipped": true
          }
        ],
        "hasTests": true,
        "hasSuites": false,
        "totalTests": 10,
        "totalPasses": 0,
        "totalFailures": 0,
        "totalPending": 0,
        "totalSkipped": 10,
        "hasPasses": false,
        "hasFailures": false,
        "hasPending": false,
        "hasSkipped": true,
        "duration": 0
      }
    ],
    "tests": [],
    "pending": [],
    "root": true,
    "_timeout": 2000,
    "uuid": "4bce42ad-8edb-48bb-8070-56a98e946d88",
    "fullFile": "",
    "file": "",
    "passes": [],
    "failures": [],
    "skipped": [],
    "hasTests": false,
    "hasSuites": true,
    "totalTests": 0,
    "totalPasses": 0,
    "totalFailures": 0,
    "totalPending": 0,
    "totalSkipped": 0,
    "hasPasses": false,
    "hasFailures": false,
    "hasPending": false,
    "hasSkipped": false,
    "duration": 0,
    "rootEmpty": true
  },
  "allTests": [
    {
      "title": "index page check",
      "fullTitle": "Test cases for non-authnticated routers index page check",
      "timedOut": false,
      "duration": 51,
      "state": "passed",
      "speed": "medium",
      "pass": true,
      "fail": false,
      "pending": false,
      "code": "server.get('/')\n.expect(200, done);",
      "err": {},
      "isRoot": false,
      "uuid": "6fd816a8-7753-4092-920b-ee96479ed979",
      "parentUUID": "99ca0696-a636-467b-adc1-a6456c36e4bb",
      "skipped": false
    },
    {
      "title": "validates login route",
      "fullTitle": "Test cases for non-authnticated routers validates login route",
      "timedOut": false,
      "duration": 35,
      "state": "failed",
      "pass": false,
      "fail": true,
      "pending": false,
      "code": "this.timeout(10000);\nserver.post('/login')\n\t.send({ username: username, password: password })\n\t.expect(200)\n\t.end(function(err, res){\n\t\tif (err) return done(err);\n//\t\t\t\t\tconsole.log('logged out from login check');\n\t\t\treturn done();\n});",
      "err": {
        "estack": "Error: expected 200 \"OK\", got 401 \"Unauthorized\"\n    at Test._assertStatus (node_modules/supertest/lib/test.js:232:12)\n    at Test._assertFunction (node_modules/supertest/lib/test.js:247:11)\n    at Test.assert (node_modules/supertest/lib/test.js:148:18)\n    at Server.assert (node_modules/supertest/lib/test.js:127:12)\n    at emitCloseNT (net.js:1544:8)\n    at _combinedTickCallback (internal/process/next_tick.js:71:11)\n    at process._tickCallback (internal/process/next_tick.js:98:9)"
      },
      "isRoot": false,
      "uuid": "d4ab997d-f6fe-48bb-856f-d13e2af85208",
      "parentUUID": "99ca0696-a636-467b-adc1-a6456c36e4bb",
      "skipped": false
    }
  ],
  "allPending": [],
  "allPasses": [
    {
      "title": "index page check",
      "fullTitle": "Test cases for non-authnticated routers index page check",
      "timedOut": false,
      "duration": 51,
      "state": "passed",
      "speed": "medium",
      "pass": true,
      "fail": false,
      "pending": false,
      "code": "server.get('/')\n.expect(200, done);",
      "err": {},
      "isRoot": false,
      "uuid": "6fd816a8-7753-4092-920b-ee96479ed979",
      "parentUUID": "99ca0696-a636-467b-adc1-a6456c36e4bb",
      "skipped": false
    }
  ],
  "allFailures": [
    {
      "title": "validates login route",
      "fullTitle": "Test cases for non-authnticated routers validates login route",
      "timedOut": false,
      "duration": 35,
      "state": "failed",
      "pass": false,
      "fail": true,
      "pending": false,
      "code": "this.timeout(10000);\nserver.post('/login')\n\t.send({ username: username, password: password })\n\t.expect(200)\n\t.end(function(err, res){\n\t\tif (err) return done(err);\n//\t\t\t\t\tconsole.log('logged out from login check');\n\t\t\treturn done();\n});",
      "err": {
        "estack": "Error: expected 200 \"OK\", got 401 \"Unauthorized\"\n    at Test._assertStatus (node_modules/supertest/lib/test.js:232:12)\n    at Test._assertFunction (node_modules/supertest/lib/test.js:247:11)\n    at Test.assert (node_modules/supertest/lib/test.js:148:18)\n    at Server.assert (node_modules/supertest/lib/test.js:127:12)\n    at emitCloseNT (net.js:1544:8)\n    at _combinedTickCallback (internal/process/next_tick.js:71:11)\n    at process._tickCallback (internal/process/next_tick.js:98:9)"
      },
      "isRoot": false,
      "uuid": "d4ab997d-f6fe-48bb-856f-d13e2af85208",
      "parentUUID": "99ca0696-a636-467b-adc1-a6456c36e4bb",
      "skipped": false
    },
    {
      "title": "\"before all\" hook",
      "fullTitle": "Test cases for all routes which requires authentication \"before all\" hook",
      "timedOut": false,
      "duration": 9,
      "state": "failed",
      "pass": false,
      "fail": true,
      "pending": false,
      "code": "server.post('/login')\n    .send({ username: username, password: password })\n    .expect(200)\n\t\t\t  .timeout(10000)\n    .end(function (err, res) {\n\t\t\t  \t\tif (err) return done(err);\n\t\t\t  \t\t\tconsole.log('logged in to make user available to all routes');\n\t\t\t  \t\t\treturn done();\n});",
      "err": {
        "estack": "Error: expected 200 \"OK\", got 401 \"Unauthorized\"\n    at Test._assertStatus (node_modules/supertest/lib/test.js:232:12)\n    at Test._assertFunction (node_modules/supertest/lib/test.js:247:11)\n    at Test.assert (node_modules/supertest/lib/test.js:148:18)\n    at Server.assert (node_modules/supertest/lib/test.js:127:12)\n    at emitCloseNT (net.js:1544:8)\n    at _combinedTickCallback (internal/process/next_tick.js:71:11)\n    at process._tickCallback (internal/process/next_tick.js:98:9)"
      },
      "isRoot": false,
      "uuid": "2b7d3bd9-fd5f-474b-ba51-c38b020766d6",
      "parentUUID": "2553c06d-3e56-42cc-acba-ab41e542db07",
      "skipped": false
    }
  ],
  "copyrightYear": 2017
}